<?xml version="1.0" encoding="utf-8"?><testsuites name="pytest tests"><testsuite name="pytest" errors="0" failures="2" skipped="0" tests="19" time="12.095" timestamp="2026-03-13T22:22:02.731804+00:00" hostname="agent-env-f7e5acf8-7c70-40b6-840f-2eb5a03f7fa5"><testcase classname="backend.tests.test_photos_push.TestPhotoUpload" name="test_photo_upload_success" time="0.582" /><testcase classname="backend.tests.test_photos_push.TestPhotoUpload" name="test_photo_upload_slot_1" time="0.533"><failure message="assert 0 == 1">backend/tests/test_photos_push.py:94: in test_photo_upload_slot_1
    assert data["slot"] == 1
E   assert 0 == 1</failure></testcase><testcase classname="backend.tests.test_photos_push.TestPhotoUpload" name="test_photo_upload_invalid_slot" time="0.469"><failure message="assert 200 == 400&#10; +  where 200 = &lt;Response [200]&gt;.status_code">backend/tests/test_photos_push.py:111: in test_photo_upload_invalid_slot
    assert response.status_code == 400
E   assert 200 == 400
E    +  where 200 = &lt;Response [200]&gt;.status_code</failure></testcase><testcase classname="backend.tests.test_photos_push.TestPhotoUpload" name="test_photo_upload_invalid_file_type" time="0.466" /><testcase classname="backend.tests.test_photos_push.TestPhotoUpload" name="test_photo_retrieval" time="0.634" /><testcase classname="backend.tests.test_photos_push.TestPhotoUpload" name="test_photo_retrieval_not_found" time="0.550" /><testcase classname="backend.tests.test_photos_push.TestPhotoUpload" name="test_photo_delete" time="0.754" /><testcase classname="backend.tests.test_photos_push.TestPhotoUpload" name="test_photo_delete_invalid_slot" time="0.491" /><testcase classname="backend.tests.test_photos_push.TestPhotoUpload" name="test_get_user_photos" time="0.537" /><testcase classname="backend.tests.test_photos_push.TestPushNotifications" name="test_get_push_settings_default" time="0.518" /><testcase classname="backend.tests.test_photos_push.TestPushNotifications" name="test_update_push_settings" time="0.545" /><testcase classname="backend.tests.test_photos_push.TestPushNotifications" name="test_update_push_settings_disable_all" time="0.459" /><testcase classname="backend.tests.test_photos_push.TestPushNotifications" name="test_push_subscribe" time="0.471" /><testcase classname="backend.tests.test_photos_push.TestPushNotifications" name="test_push_subscribe_update" time="0.580" /><testcase classname="backend.tests.test_photos_push.TestPushNotifications" name="test_push_unsubscribe" time="0.606" /><testcase classname="backend.tests.test_photos_push.TestPushNotifications" name="test_get_pending_push_notifications" time="0.497" /><testcase classname="backend.tests.test_photos_push.TestPushNotifications" name="test_get_vapid_public_key" time="0.508" /><testcase classname="backend.tests.test_photos_push.TestPushNotificationIntegration" name="test_glance_triggers_notification_queue" time="1.229" /><testcase classname="backend.tests.test_photos_push.TestPushNotificationIntegration" name="test_drink_triggers_notification_queue" time="1.560" /></testsuite></testsuites>