<?xml version="1.0" encoding="utf-8"?><testsuites name="pytest tests"><testsuite name="pytest" errors="8" failures="1" skipped="0" tests="23" time="0.614" timestamp="2026-04-30T21:55:13.193778+00:00" hostname="agent-env-f7e5acf8-7c70-40b6-840f-2eb5a03f7fa5"><testcase classname="tests.test_mobile_api_v2" name="test_register_endpoint_exists" time="0.179"><failure message="AssertionError: Registration failed: {&quot;detail&quot;:[{&quot;type&quot;:&quot;missing&quot;,&quot;loc&quot;:[&quot;body&quot;,&quot;date_of_birth&quot;],&quot;msg&quot;:&quot;Field required&quot;,&quot;input&quot;:{&quot;email&quot;:&quot;mobile_reg_test_1777586113@example.com&quot;,&quot;password&quot;:&quot;Test1234!&quot;,&quot;display_name&quot;:&quot;RegTestUser&quot;,&quot;age_confirmed&quot;:true},&quot;url&quot;:&quot;https://errors.pydantic.dev/2.12/v/missing&quot;}]}&#10;assert 422 == 200&#10; +  where 422 = &lt;Response [422]&gt;.status_code">tests/test_mobile_api_v2.py:68: in test_register_endpoint_exists
    assert response.status_code == 200, f"Registration failed: {response.text}"
E   AssertionError: Registration failed: {"detail":[{"type":"missing","loc":["body","date_of_birth"],"msg":"Field required","input":{"email":"mobile_reg_test_1777586113@example.com","password":"Test1234!","display_name":"RegTestUser","age_confirmed":true},"url":"https://errors.pydantic.dev/2.12/v/missing"}]}
E   assert 422 == 200
E    +  where 422 = &lt;Response [422]&gt;.status_code</failure></testcase><testcase classname="tests.test_mobile_api_v2" name="test_register_requires_age_confirmation" time="0.050" /><testcase classname="tests.test_mobile_api_v2" name="test_register_duplicate_email" time="0.048"><error message="failed on setup with &quot;Failed: Could not register test user: {&quot;detail&quot;:[{&quot;type&quot;:&quot;missing&quot;,&quot;loc&quot;:[&quot;body&quot;,&quot;date_of_birth&quot;],&quot;msg&quot;:&quot;Field required&quot;,&quot;input&quot;:{&quot;email&quot;:&quot;mobile_test_1777586113@example.com&quot;,&quot;password&quot;:&quot;Test1234!&quot;,&quot;display_name&quot;:&quot;MobileTestUser&quot;,&quot;age_confirmed&quot;:true},&quot;url&quot;:&quot;https://errors.pydantic.dev/2.12/v/missing&quot;}]}&quot;">tests/test_mobile_api_v2.py:50: in registered_user
    pytest.fail(f"Could not register test user: {response.text}")
E   Failed: Could not register test user: {"detail":[{"type":"missing","loc":["body","date_of_birth"],"msg":"Field required","input":{"email":"mobile_test_1777586113@example.com","password":"Test1234!","display_name":"MobileTestUser","age_confirmed":true},"url":"https://errors.pydantic.dev/2.12/v/missing"}]}</error></testcase><testcase classname="tests.test_mobile_api_v2" name="test_login_endpoint_exists" time="0.000"><error message="failed on setup with &quot;Failed: Could not register test user: {&quot;detail&quot;:[{&quot;type&quot;:&quot;missing&quot;,&quot;loc&quot;:[&quot;body&quot;,&quot;date_of_birth&quot;],&quot;msg&quot;:&quot;Field required&quot;,&quot;input&quot;:{&quot;email&quot;:&quot;mobile_test_1777586113@example.com&quot;,&quot;password&quot;:&quot;Test1234!&quot;,&quot;display_name&quot;:&quot;MobileTestUser&quot;,&quot;age_confirmed&quot;:true},&quot;url&quot;:&quot;https://errors.pydantic.dev/2.12/v/missing&quot;}]}&quot;">tests/test_mobile_api_v2.py:50: in registered_user
    pytest.fail(f"Could not register test user: {response.text}")
E   Failed: Could not register test user: {"detail":[{"type":"missing","loc":["body","date_of_birth"],"msg":"Field required","input":{"email":"mobile_test_1777586113@example.com","password":"Test1234!","display_name":"MobileTestUser","age_confirmed":true},"url":"https://errors.pydantic.dev/2.12/v/missing"}]}</error></testcase><testcase classname="tests.test_mobile_api_v2" name="test_login_invalid_credentials" time="0.052" /><testcase classname="tests.test_mobile_api_v2" name="test_login_response_structure" time="0.000"><error message="failed on setup with &quot;Failed: Could not register test user: {&quot;detail&quot;:[{&quot;type&quot;:&quot;missing&quot;,&quot;loc&quot;:[&quot;body&quot;,&quot;date_of_birth&quot;],&quot;msg&quot;:&quot;Field required&quot;,&quot;input&quot;:{&quot;email&quot;:&quot;mobile_test_1777586113@example.com&quot;,&quot;password&quot;:&quot;Test1234!&quot;,&quot;display_name&quot;:&quot;MobileTestUser&quot;,&quot;age_confirmed&quot;:true},&quot;url&quot;:&quot;https://errors.pydantic.dev/2.12/v/missing&quot;}]}&quot;">tests/test_mobile_api_v2.py:50: in registered_user
    pytest.fail(f"Could not register test user: {response.text}")
E   Failed: Could not register test user: {"detail":[{"type":"missing","loc":["body","date_of_birth"],"msg":"Field required","input":{"email":"mobile_test_1777586113@example.com","password":"Test1234!","display_name":"MobileTestUser","age_confirmed":true},"url":"https://errors.pydantic.dev/2.12/v/missing"}]}</error></testcase><testcase classname="tests.test_mobile_api_v2" name="test_profile_update_endpoint" time="0.000"><error message="failed on setup with &quot;Failed: Could not register test user: {&quot;detail&quot;:[{&quot;type&quot;:&quot;missing&quot;,&quot;loc&quot;:[&quot;body&quot;,&quot;date_of_birth&quot;],&quot;msg&quot;:&quot;Field required&quot;,&quot;input&quot;:{&quot;email&quot;:&quot;mobile_test_1777586113@example.com&quot;,&quot;password&quot;:&quot;Test1234!&quot;,&quot;display_name&quot;:&quot;MobileTestUser&quot;,&quot;age_confirmed&quot;:true},&quot;url&quot;:&quot;https://errors.pydantic.dev/2.12/v/missing&quot;}]}&quot;">tests/test_mobile_api_v2.py:50: in registered_user
    pytest.fail(f"Could not register test user: {response.text}")
E   Failed: Could not register test user: {"detail":[{"type":"missing","loc":["body","date_of_birth"],"msg":"Field required","input":{"email":"mobile_test_1777586113@example.com","password":"Test1234!","display_name":"MobileTestUser","age_confirmed":true},"url":"https://errors.pydantic.dev/2.12/v/missing"}]}</error></testcase><testcase classname="tests.test_mobile_api_v2" name="test_profile_update_requires_auth" time="0.048" /><testcase classname="tests.test_mobile_api_v2" name="test_mobile_push_register_endpoint_exists" time="0.000"><error message="failed on setup with &quot;Failed: Could not register test user: {&quot;detail&quot;:[{&quot;type&quot;:&quot;missing&quot;,&quot;loc&quot;:[&quot;body&quot;,&quot;date_of_birth&quot;],&quot;msg&quot;:&quot;Field required&quot;,&quot;input&quot;:{&quot;email&quot;:&quot;mobile_test_1777586113@example.com&quot;,&quot;password&quot;:&quot;Test1234!&quot;,&quot;display_name&quot;:&quot;MobileTestUser&quot;,&quot;age_confirmed&quot;:true},&quot;url&quot;:&quot;https://errors.pydantic.dev/2.12/v/missing&quot;}]}&quot;">tests/test_mobile_api_v2.py:50: in registered_user
    pytest.fail(f"Could not register test user: {response.text}")
E   Failed: Could not register test user: {"detail":[{"type":"missing","loc":["body","date_of_birth"],"msg":"Field required","input":{"email":"mobile_test_1777586113@example.com","password":"Test1234!","display_name":"MobileTestUser","age_confirmed":true},"url":"https://errors.pydantic.dev/2.12/v/missing"}]}</error></testcase><testcase classname="tests.test_mobile_api_v2" name="test_mobile_push_register_requires_token" time="0.000"><error message="failed on setup with &quot;Failed: Could not register test user: {&quot;detail&quot;:[{&quot;type&quot;:&quot;missing&quot;,&quot;loc&quot;:[&quot;body&quot;,&quot;date_of_birth&quot;],&quot;msg&quot;:&quot;Field required&quot;,&quot;input&quot;:{&quot;email&quot;:&quot;mobile_test_1777586113@example.com&quot;,&quot;password&quot;:&quot;Test1234!&quot;,&quot;display_name&quot;:&quot;MobileTestUser&quot;,&quot;age_confirmed&quot;:true},&quot;url&quot;:&quot;https://errors.pydantic.dev/2.12/v/missing&quot;}]}&quot;">tests/test_mobile_api_v2.py:50: in registered_user
    pytest.fail(f"Could not register test user: {response.text}")
E   Failed: Could not register test user: {"detail":[{"type":"missing","loc":["body","date_of_birth"],"msg":"Field required","input":{"email":"mobile_test_1777586113@example.com","password":"Test1234!","display_name":"MobileTestUser","age_confirmed":true},"url":"https://errors.pydantic.dev/2.12/v/missing"}]}</error></testcase><testcase classname="tests.test_mobile_api_v2" name="test_mobile_push_register_requires_auth" time="0.066" /><testcase classname="tests.test_mobile_api_v2" name="test_mobile_push_unregister_endpoint_exists" time="0.000"><error message="failed on setup with &quot;Failed: Could not register test user: {&quot;detail&quot;:[{&quot;type&quot;:&quot;missing&quot;,&quot;loc&quot;:[&quot;body&quot;,&quot;date_of_birth&quot;],&quot;msg&quot;:&quot;Field required&quot;,&quot;input&quot;:{&quot;email&quot;:&quot;mobile_test_1777586113@example.com&quot;,&quot;password&quot;:&quot;Test1234!&quot;,&quot;display_name&quot;:&quot;MobileTestUser&quot;,&quot;age_confirmed&quot;:true},&quot;url&quot;:&quot;https://errors.pydantic.dev/2.12/v/missing&quot;}]}&quot;">tests/test_mobile_api_v2.py:50: in registered_user
    pytest.fail(f"Could not register test user: {response.text}")
E   Failed: Could not register test user: {"detail":[{"type":"missing","loc":["body","date_of_birth"],"msg":"Field required","input":{"email":"mobile_test_1777586113@example.com","password":"Test1234!","display_name":"MobileTestUser","age_confirmed":true},"url":"https://errors.pydantic.dev/2.12/v/missing"}]}</error></testcase><testcase classname="tests.test_mobile_api_v2" name="test_mobile_push_unregister_requires_auth" time="0.047" /><testcase classname="tests.test_mobile_api_v2" name="test_mobile_push_register_idempotent" time="0.000"><error message="failed on setup with &quot;Failed: Could not register test user: {&quot;detail&quot;:[{&quot;type&quot;:&quot;missing&quot;,&quot;loc&quot;:[&quot;body&quot;,&quot;date_of_birth&quot;],&quot;msg&quot;:&quot;Field required&quot;,&quot;input&quot;:{&quot;email&quot;:&quot;mobile_test_1777586113@example.com&quot;,&quot;password&quot;:&quot;Test1234!&quot;,&quot;display_name&quot;:&quot;MobileTestUser&quot;,&quot;age_confirmed&quot;:true},&quot;url&quot;:&quot;https://errors.pydantic.dev/2.12/v/missing&quot;}]}&quot;">tests/test_mobile_api_v2.py:50: in registered_user
    pytest.fail(f"Could not register test user: {response.text}")
E   Failed: Could not register test user: {"detail":[{"type":"missing","loc":["body","date_of_birth"],"msg":"Field required","input":{"email":"mobile_test_1777586113@example.com","password":"Test1234!","display_name":"MobileTestUser","age_confirmed":true},"url":"https://errors.pydantic.dev/2.12/v/missing"}]}</error></testcase><testcase classname="tests.test_mobile_api_v2" name="test_mobile_screens_exist" time="0.000" /><testcase classname="tests.test_mobile_api_v2" name="test_navigation_file_exists" time="0.000" /><testcase classname="tests.test_mobile_api_v2" name="test_api_utility_file_exists" time="0.000" /><testcase classname="tests.test_mobile_api_v2" name="test_push_notifications_file_exists" time="0.000" /><testcase classname="tests.test_mobile_api_v2" name="test_auth_context_file_exists" time="0.000" /><testcase classname="tests.test_mobile_api_v2" name="test_constants_file_exists" time="0.000" /><testcase classname="tests.test_mobile_api_v2" name="test_api_js_has_auth_endpoints" time="0.000" /><testcase classname="tests.test_mobile_api_v2" name="test_api_js_has_push_endpoints" time="0.000" /><testcase classname="tests.test_mobile_api_v2" name="test_api_js_has_venues_endpoints" time="0.000" /></testsuite></testsuites>