<?xml version="1.0" encoding="utf-8"?><testsuites name="pytest tests"><testsuite name="pytest" errors="0" failures="0" skipped="0" tests="9" time="4.179" timestamp="2026-03-13T23:13:49.158184+00:00" hostname="agent-env-f7e5acf8-7c70-40b6-840f-2eb5a03f7fa5"><testcase classname="backend.tests.test_read_receipts.TestReadReceipts" name="test_message_contains_read_fields" time="1.707" /><testcase classname="backend.tests.test_read_receipts.TestReadReceipts" name="test_fetch_messages_marks_as_read" time="0.414" /><testcase classname="backend.tests.test_read_receipts.TestReadReceipts" name="test_mark_read_endpoint" time="0.354" /><testcase classname="backend.tests.test_read_receipts.TestReadReceipts" name="test_unread_count_endpoint" time="0.579" /><testcase classname="backend.tests.test_read_receipts.TestReadReceipts" name="test_message_response_structure" time="0.113" /><testcase classname="backend.tests.test_read_receipts.TestReadReceiptsPremium" name="test_premium_user_created" time="0.585" /><testcase classname="backend.tests.test_read_receipts.TestMessageEndpointsAuth" name="test_messages_endpoint_requires_auth" time="0.115" /><testcase classname="backend.tests.test_read_receipts.TestMessageEndpointsAuth" name="test_mark_read_requires_auth" time="0.129" /><testcase classname="backend.tests.test_read_receipts.TestMessageEndpointsAuth" name="test_unread_count_requires_auth" time="0.133" /></testsuite></testsuites>