<?xml version="1.0" encoding="utf-8"?><testsuites name="pytest tests"><testsuite name="pytest" errors="0" failures="1" skipped="1" tests="13" time="3.354" timestamp="2026-04-12T13:45:37.569247+00:00" hostname="agent-env-f7e5acf8-7c70-40b6-840f-2eb5a03f7fa5"><testcase classname="tests.test_hide_photo_silhouette.TestHidePhotoInVenuesBackend" name="test_auth_works" time="0.384" /><testcase classname="tests.test_hide_photo_silhouette.TestHidePhotoInVenuesBackend" name="test_get_current_user" time="0.135" /><testcase classname="tests.test_hide_photo_silhouette.TestHidePhotoInVenuesBackend" name="test_privacy_settings_endpoint_exists" time="0.190" /><testcase classname="tests.test_hide_photo_silhouette.TestHidePhotoInVenuesBackend" name="test_update_hide_photo_setting" time="0.518" /><testcase classname="tests.test_hide_photo_silhouette.TestHidePhotoInVenuesBackend" name="test_venue_people_endpoint_structure" time="0.666"><failure message="assert 403 == 200&#10; +  where 403 = &lt;Response [403]&gt;.status_code">tests/test_hide_photo_silhouette.py:127: in test_venue_people_endpoint_structure
    assert response.status_code == 200
E   assert 403 == 200
E    +  where 403 = &lt;Response [403]&gt;.status_code</failure></testcase><testcase classname="tests.test_hide_photo_silhouette.TestHidePhotoInVenuesBackend" name="test_user_profile_endpoint_structure" time="0.131" /><testcase classname="tests.test_hide_photo_silhouette.TestHidePhotoInVenuesBackend" name="test_hide_photo_logic_in_profile" time="0.125"><skipped type="pytest.skip" message="No venue ID in checkin">/app/backend/tests/test_hide_photo_silhouette.py:179: No venue ID in checkin</skipped></testcase><testcase classname="tests.test_hide_photo_silhouette.TestSilhouetteAvatarIntegration" name="test_connections_glances_endpoint" time="0.468" /><testcase classname="tests.test_hide_photo_silhouette.TestSilhouetteAvatarIntegration" name="test_connections_icebreakers_endpoint" time="0.121" /><testcase classname="tests.test_hide_photo_silhouette.TestSilhouetteAvatarIntegration" name="test_friends_list_endpoint" time="0.132" /><testcase classname="tests.test_hide_photo_silhouette.TestSilhouetteAvatarIntegration" name="test_friend_requests_endpoint" time="0.140" /><testcase classname="tests.test_hide_photo_silhouette.TestSilhouetteAvatarIntegration" name="test_notifications_endpoint" time="0.126" /><testcase classname="tests.test_hide_photo_silhouette.TestSilhouetteAvatarIntegration" name="test_blocked_users_endpoint" time="0.135" /></testsuite></testsuites>