<?xml version="1.0" encoding="utf-8"?><testsuites name="pytest tests"><testsuite name="pytest" errors="0" failures="0" skipped="0" tests="15" time="5.289" timestamp="2026-03-14T13:34:40.009826+00:00" hostname="agent-env-f7e5acf8-7c70-40b6-840f-2eb5a03f7fa5"><testcase classname="backend.tests.test_friends_connections.TestFriendsListEndpoint" name="test_friends_list_returns_array" time="0.477" /><testcase classname="backend.tests.test_friends_connections.TestFriendsListEndpoint" name="test_friends_list_requires_auth" time="0.099" /><testcase classname="backend.tests.test_friends_connections.TestFriendRequestsEndpoint" name="test_friend_requests_returns_incoming_outgoing" time="0.461" /><testcase classname="backend.tests.test_friends_connections.TestFriendRequestsEndpoint" name="test_friend_requests_requires_auth" time="0.106" /><testcase classname="backend.tests.test_friends_connections.TestDrinkOfferAndFriendFlow" name="test_test_mode_enabled" time="0.111" /><testcase classname="backend.tests.test_friends_connections.TestDrinkOfferAndFriendFlow" name="test_generate_drink_offer" time="0.469" /><testcase classname="backend.tests.test_friends_connections.TestDrinkOfferAndFriendFlow" name="test_accept_drink_offer" time="0.243" /><testcase classname="backend.tests.test_friends_connections.TestDrinkOfferAndFriendFlow" name="test_drink_offer_sets_accepted_status" time="0.317" /><testcase classname="backend.tests.test_friends_connections.TestPopulateVenueWithTestUsers" name="test_populate_venue" time="0.453" /><testcase classname="backend.tests.test_friends_connections.TestPopulateVenueWithTestUsers" name="test_get_fake_users" time="0.109" /><testcase classname="backend.tests.test_friends_connections.TestCancelFriendRequest" name="test_cancel_friend_request_endpoint_exists" time="0.444" /><testcase classname="backend.tests.test_friends_connections.TestConnectionsDrinksEndpoint" name="test_get_drinks_incoming_outgoing" time="0.482" /><testcase classname="backend.tests.test_friends_connections.TestChatUnlockAfterDrinkAccept" name="test_chat_status_after_drink_accept" time="0.566" /><testcase classname="backend.tests.test_friends_connections.TestGlancesEndpoint" name="test_get_glances_incoming_outgoing" time="0.439" /><testcase classname="backend.tests.test_friends_connections.TestChatRequestsEndpoint" name="test_get_chat_requests_incoming_outgoing" time="0.453" /></testsuite></testsuites>