<?xml version="1.0" encoding="utf-8"?><testsuites name="pytest tests"><testsuite name="pytest" errors="0" failures="0" skipped="0" tests="7" time="3.857" timestamp="2026-04-07T22:07:35.695179+00:00" hostname="agent-env-f7e5acf8-7c70-40b6-840f-2eb5a03f7fa5"><testcase classname="backend.tests.test_icebreaker_mutual_matches.TestIcebreakerMutualMatches" name="test_connections_endpoint_returns_accepted_icebreakers" time="0.520" /><testcase classname="backend.tests.test_icebreaker_mutual_matches.TestIcebreakerMutualMatches" name="test_both_users_see_each_other_in_mutual_matches" time="0.914" /><testcase classname="backend.tests.test_icebreaker_mutual_matches.TestIcebreakerMutualMatches" name="test_connection_has_correct_venue_info" time="0.462" /><testcase classname="backend.tests.test_icebreaker_mutual_matches.TestIcebreakerMutualMatches" name="test_connection_has_user_details" time="0.457" /><testcase classname="backend.tests.test_icebreaker_mutual_matches.TestIcebreakerMutualMatches" name="test_connections_sorted_by_most_recent" time="0.475" /><testcase classname="backend.tests.test_icebreaker_mutual_matches.TestIcebreakerAcceptanceFlow" name="test_icebreaker_respond_endpoint_exists" time="0.466" /><testcase classname="backend.tests.test_icebreaker_mutual_matches.TestIcebreakerAcceptanceFlow" name="test_icebreakers_endpoint_returns_sent_and_received" time="0.502" /></testsuite></testsuites>