<?xml version="1.0" encoding="utf-8"?><testsuites name="pytest tests"><testsuite name="pytest" errors="0" failures="0" skipped="0" tests="23" time="1.997" timestamp="2026-04-30T21:56:42.648582+00:00" hostname="agent-env-f7e5acf8-7c70-40b6-840f-2eb5a03f7fa5"><testcase classname="tests.test_mobile_api_v3" name="test_register_endpoint_exists" time="0.381" /><testcase classname="tests.test_mobile_api_v3" name="test_register_requires_valid_dob" time="0.059" /><testcase classname="tests.test_mobile_api_v3" name="test_register_duplicate_email" time="0.330" /><testcase classname="tests.test_mobile_api_v3" name="test_login_endpoint_exists" time="0.279" /><testcase classname="tests.test_mobile_api_v3" name="test_login_invalid_credentials" time="0.053" /><testcase classname="tests.test_mobile_api_v3" name="test_login_response_structure" time="0.278" /><testcase classname="tests.test_mobile_api_v3" name="test_profile_update_endpoint" time="0.055" /><testcase classname="tests.test_mobile_api_v3" name="test_profile_update_requires_auth" time="0.050" /><testcase classname="tests.test_mobile_api_v3" name="test_mobile_push_register_endpoint_exists" time="0.053" /><testcase classname="tests.test_mobile_api_v3" name="test_mobile_push_register_requires_token" time="0.062" /><testcase classname="tests.test_mobile_api_v3" name="test_mobile_push_register_requires_auth" time="0.048" /><testcase classname="tests.test_mobile_api_v3" name="test_mobile_push_unregister_endpoint_exists" time="0.107" /><testcase classname="tests.test_mobile_api_v3" name="test_mobile_push_unregister_requires_auth" time="0.047" /><testcase classname="tests.test_mobile_api_v3" name="test_mobile_push_register_idempotent" time="0.100" /><testcase classname="tests.test_mobile_api_v3" name="test_mobile_screens_exist" time="0.000" /><testcase classname="tests.test_mobile_api_v3" name="test_navigation_file_exists" time="0.000" /><testcase classname="tests.test_mobile_api_v3" name="test_api_utility_file_exists" time="0.000" /><testcase classname="tests.test_mobile_api_v3" name="test_push_notifications_file_exists" time="0.000" /><testcase classname="tests.test_mobile_api_v3" name="test_auth_context_file_exists" time="0.000" /><testcase classname="tests.test_mobile_api_v3" name="test_constants_file_exists" time="0.000" /><testcase classname="tests.test_mobile_api_v3" name="test_api_js_has_auth_endpoints" time="0.000" /><testcase classname="tests.test_mobile_api_v3" name="test_api_js_has_push_endpoints" time="0.000" /><testcase classname="tests.test_mobile_api_v3" name="test_api_js_has_venues_endpoints" time="0.001" /></testsuite></testsuites>