<?xml version="1.0" encoding="utf-8"?><testsuites name="pytest tests"><testsuite name="pytest" errors="0" failures="0" skipped="0" tests="13" time="6.741" timestamp="2026-03-13T22:50:31.647782+00:00" hostname="agent-env-f7e5acf8-7c70-40b6-840f-2eb5a03f7fa5"><testcase classname="tests.test_places_api.TestPlacesAPI" name="test_nearby_places_returns_venues" time="0.524" /><testcase classname="tests.test_places_api.TestPlacesAPI" name="test_nearby_places_includes_required_fields" time="0.485" /><testcase classname="tests.test_places_api.TestPlacesAPI" name="test_nearby_places_has_image_url" time="0.464" /><testcase classname="tests.test_places_api.TestPlacesAPI" name="test_nearby_places_has_rating_field" time="0.507" /><testcase classname="tests.test_places_api.TestPlacesAPI" name="test_nearby_places_has_is_open_field" time="0.560" /><testcase classname="tests.test_places_api.TestPlacesAPI" name="test_nearby_places_seeded_fallback" time="0.460" /><testcase classname="tests.test_places_api.TestPlacesAPI" name="test_place_details_for_seeded_venue" time="0.537" /><testcase classname="tests.test_places_api.TestPlacesAPI" name="test_place_details_not_found" time="0.474" /><testcase classname="tests.test_places_api.TestPlacesAPI" name="test_photo_proxy_without_api_key" time="0.537" /><testcase classname="tests.test_places_api.TestPlacesAPI" name="test_nearby_places_requires_auth" time="0.560" /><testcase classname="tests.test_places_api.TestPlacesAPI" name="test_venue_checkin_works_with_place_id" time="0.650" /><testcase classname="tests.test_places_api.TestPlacesAPI" name="test_distance_formatting_in_response" time="0.531" /><testcase classname="tests.test_places_api.TestDemoModeIntegration" name="test_seeded_venues_have_is_seeded_flag" time="0.387" /></testsuite></testsuites>