<?xml version="1.0" encoding="utf-8"?><testsuites name="pytest tests"><testsuite name="pytest" errors="0" failures="0" skipped="0" tests="10" time="82.266" timestamp="2026-04-06T21:27:10.653275+00:00" hostname="agent-env-f7e5acf8-7c70-40b6-840f-2eb5a03f7fa5"><testcase classname="backend.tests.test_mutual_reveal_logic.TestMutualRevealLogic" name="test_no_interaction_both_not_revealed" time="1.538" /><testcase classname="backend.tests.test_mutual_reveal_logic.TestMutualRevealLogic" name="test_one_sided_glance_not_revealed" time="1.907" /><testcase classname="backend.tests.test_mutual_reveal_logic.TestMutualRevealLogic" name="test_mutual_glance_reveals_both" time="1.586" /><testcase classname="backend.tests.test_mutual_reveal_logic.TestMutualRevealLogic" name="test_self_card_shows_not_revealed" time="1.274" /><testcase classname="backend.tests.test_mutual_reveal_logic.TestMutualRevealLogic" name="test_message_button_locked_when_not_revealed" time="69.755" /><testcase classname="backend.tests.test_mutual_reveal_logic.TestMutualRevealLogic" name="test_message_enabled_after_mutual_reveal_and_connection" time="1.567" /><testcase classname="backend.tests.test_mutual_reveal_logic.TestMutualRevealLogic" name="test_add_friend_locked_until_reveal" time="1.587" /><testcase classname="backend.tests.test_mutual_reveal_logic.TestMutualRevealLogic" name="test_discovery_card_reveal_status" time="1.272" /><testcase classname="backend.tests.test_mutual_reveal_logic.TestRevealWithAcceptedRequests" name="test_accepted_icebreaker_reveals_both" time="1.255" /><testcase classname="backend.tests.test_mutual_reveal_logic.TestDemoUserRevealLogic" name="test_demo_user_login" time="0.456" /></testsuite></testsuites>