<?xml version="1.0" encoding="utf-8"?><testsuites name="pytest tests"><testsuite name="pytest" errors="0" failures="0" skipped="0" tests="13" time="6.086" timestamp="2026-04-06T22:11:28.337618+00:00" hostname="agent-env-f7e5acf8-7c70-40b6-840f-2eb5a03f7fa5"><testcase classname="tests.test_cloud_storage_photos.TestPhotoUpload" name="test_photo_upload_success" time="2.223" /><testcase classname="tests.test_cloud_storage_photos.TestPhotoUpload" name="test_photo_upload_invalid_slot" time="0.112" /><testcase classname="tests.test_cloud_storage_photos.TestPhotoUpload" name="test_photo_upload_invalid_file_type" time="0.142" /><testcase classname="tests.test_cloud_storage_photos.TestPhotoServing" name="test_serve_clear_photo" time="0.822" /><testcase classname="tests.test_cloud_storage_photos.TestPhotoServing" name="test_serve_blurred_photo" time="0.188" /><testcase classname="tests.test_cloud_storage_photos.TestPhotoServing" name="test_clear_and_blurred_are_different" time="0.000" /><testcase classname="tests.test_cloud_storage_photos.TestPhotoServing" name="test_serve_nonexistent_photo" time="0.106" /><testcase classname="tests.test_cloud_storage_photos.TestPhotoDelete" name="test_delete_photo" time="1.128" /><testcase classname="tests.test_cloud_storage_photos.TestPhotoDelete" name="test_delete_invalid_slot" time="0.049" /><testcase classname="tests.test_cloud_storage_photos.TestUserProfilePhotoUpdate" name="test_avatar_url_updated_after_upload" time="0.805" /><testcase classname="tests.test_cloud_storage_photos.TestDiscoveryPhotoURLs" name="test_discovery_not_here_photo_urls" time="0.141" /><testcase classname="tests.test_cloud_storage_photos.TestDiscoveryPhotoURLs" name="test_discovery_here_photo_urls" time="0.092" /><testcase classname="tests.test_cloud_storage_photos.TestLegacyPhotoSupport" name="test_legacy_photo_endpoint" time="0.206" /></testsuite></testsuites>