<?xml version="1.0" encoding="utf-8"?><testsuites name="pytest tests"><testsuite name="pytest" errors="0" failures="0" skipped="0" tests="22" time="3.947" timestamp="2026-04-04T11:14:28.577848+00:00" hostname="agent-env-f7e5acf8-7c70-40b6-840f-2eb5a03f7fa5"><testcase classname="backend.tests.test_dating_compatibility.TestAuthenticationSetup" name="test_demo_user_login" time="0.353" /><testcase classname="backend.tests.test_dating_compatibility.TestAuthenticationSetup" name="test_emma_user_login" time="0.271" /><testcase classname="backend.tests.test_dating_compatibility.TestAuthenticationSetup" name="test_james_user_login" time="0.281" /><testcase classname="backend.tests.test_dating_compatibility.TestAuthenticationSetup" name="test_maya_user_login" time="0.271" /><testcase classname="backend.tests.test_dating_compatibility.TestAuthenticationSetup" name="test_suzy_user_login" time="0.277" /><testcase classname="backend.tests.test_dating_compatibility.TestAuthenticationSetup" name="test_alex_user_login" time="0.276" /><testcase classname="backend.tests.test_dating_compatibility.TestDiscoveryNotHereDatingFilter" name="test_demo_sees_emma_compatible" time="0.323" /><testcase classname="backend.tests.test_dating_compatibility.TestDiscoveryNotHereDatingFilter" name="test_demo_does_not_see_maya" time="0.050" /><testcase classname="backend.tests.test_dating_compatibility.TestDiscoveryNotHereDatingFilter" name="test_demo_does_not_see_james" time="0.051" /><testcase classname="backend.tests.test_dating_compatibility.TestDiscoveryNotHereDatingFilter" name="test_demo_does_not_see_suzy_friends_only" time="0.059" /><testcase classname="backend.tests.test_dating_compatibility.TestDiscoveryNotHereDatingFilter" name="test_demo_sees_alex_everyone" time="0.049" /><testcase classname="backend.tests.test_dating_compatibility.TestFriendsIntentNoFilter" name="test_suzy_friends_sees_all_dating_users" time="0.322" /><testcase classname="backend.tests.test_dating_compatibility.TestBidirectionalCompatibility" name="test_emma_sees_demo" time="0.328" /><testcase classname="backend.tests.test_dating_compatibility.TestBidirectionalCompatibility" name="test_emma_does_not_see_maya" time="0.057" /><testcase classname="backend.tests.test_dating_compatibility.TestBidirectionalCompatibility" name="test_emma_sees_james" time="0.053" /><testcase classname="backend.tests.test_dating_compatibility.TestBidirectionalCompatibility" name="test_maya_does_not_see_demo" time="0.326" /><testcase classname="backend.tests.test_dating_compatibility.TestBidirectionalCompatibility" name="test_maya_does_not_see_james" time="0.050" /><testcase classname="backend.tests.test_dating_compatibility.TestEveryonePreference" name="test_alex_everyone_sees_all_compatible" time="0.330" /><testcase classname="backend.tests.test_dating_compatibility.TestDiscoveryHere" name="test_demo_discovery_here_filters_correctly" time="0.053" /><testcase classname="backend.tests.test_dating_compatibility.TestEmptyGenderOrPreference" name="test_empty_values_documented" time="0.000" /><testcase classname="backend.tests.test_dating_compatibility.TestVenuePeopleEndpoint" name="test_demo_venue_sees_emma_not_maya_not_james" time="0.055" /><testcase classname="backend.tests.test_dating_compatibility.TestVenuePeopleEndpoint" name="test_suzy_friends_venue_sees_all" time="0.054" /></testsuite></testsuites>