<?xml version="1.0" encoding="utf-8"?><testsuites name="pytest tests"><testsuite name="pytest" errors="0" failures="0" skipped="0" tests="15" time="6.143" timestamp="2026-04-05T20:50:13.776489+00:00" hostname="agent-env-f7e5acf8-7c70-40b6-840f-2eb5a03f7fa5"><testcase classname="backend.tests.test_visibility_gender_rainbow.TestVisibilityGenderRainbow" name="test_profile_update_show_as_male" time="0.401" /><testcase classname="backend.tests.test_visibility_gender_rainbow.TestVisibilityGenderRainbow" name="test_profile_update_show_as_female" time="0.407" /><testcase classname="backend.tests.test_visibility_gender_rainbow.TestVisibilityGenderRainbow" name="test_profile_update_show_as_invalid" time="0.383" /><testcase classname="backend.tests.test_visibility_gender_rainbow.TestVisibilityGenderRainbow" name="test_profile_update_seeking_single" time="0.382" /><testcase classname="backend.tests.test_visibility_gender_rainbow.TestVisibilityGenderRainbow" name="test_profile_update_seeking_multiple" time="0.381" /><testcase classname="backend.tests.test_visibility_gender_rainbow.TestVisibilityGenderRainbow" name="test_profile_update_rainbow_true" time="0.414" /><testcase classname="backend.tests.test_visibility_gender_rainbow.TestVisibilityGenderRainbow" name="test_profile_update_rainbow_false" time="0.376" /><testcase classname="backend.tests.test_visibility_gender_rainbow.TestVisibilityGenderRainbow" name="test_profile_show_as_change_resets_seeking_and_intent" time="0.422" /><testcase classname="backend.tests.test_visibility_gender_rainbow.TestVisibilityGenderRainbow" name="test_get_me_returns_visibility_fields" time="0.401" /><testcase classname="backend.tests.test_visibility_gender_rainbow.TestVisibilityGenderRainbow" name="test_discovery_not_here_endpoint_accessible" time="0.426" /><testcase classname="backend.tests.test_visibility_gender_rainbow.TestVisibilityGenderRainbow" name="test_discovery_here_endpoint_accessible" time="0.364" /><testcase classname="backend.tests.test_visibility_gender_rainbow.TestVisibilityGenderRainbow" name="test_discovery_response_includes_visibility_fields" time="0.483" /><testcase classname="backend.tests.test_visibility_gender_rainbow.TestVisibilityMatchLogic" name="test_visibility_match_documentation" time="0.314" /><testcase classname="backend.tests.test_visibility_gender_rainbow.TestOnboardingGenderFlow" name="test_register_creates_user_with_empty_show_as" time="0.446" /><testcase classname="backend.tests.test_visibility_gender_rainbow.TestVenuesPeopleVisibility" name="test_venues_people_endpoint_structure" time="0.487" /></testsuite></testsuites>