<?xml version="1.0" encoding="utf-8"?><testsuites name="pytest tests"><testsuite name="pytest" errors="0" failures="0" skipped="0" tests="10" time="2.058" timestamp="2026-04-04T17:39:29.365604+00:00" hostname="agent-env-f7e5acf8-7c70-40b6-840f-2eb5a03f7fa5"><testcase classname="backend.tests.test_discovery_privacy.TestDiscoveryMode" name="test_set_discovery_mode_here_now" time="0.573" /><testcase classname="backend.tests.test_discovery_privacy.TestDiscoveryMode" name="test_set_discovery_mode_not_here" time="0.117" /><testcase classname="backend.tests.test_discovery_privacy.TestDiscoveryMode" name="test_set_discovery_mode_null" time="0.101" /><testcase classname="backend.tests.test_discovery_privacy.TestDiscoveryMode" name="test_get_discovery_mode" time="0.153" /><testcase classname="backend.tests.test_discovery_privacy.TestDiscoveryMode" name="test_set_invalid_discovery_mode" time="0.103" /><testcase classname="backend.tests.test_discovery_privacy.TestPrivacySettings" name="test_get_privacy_settings" time="0.151" /><testcase classname="backend.tests.test_discovery_privacy.TestPrivacySettings" name="test_enable_hide_photo_in_venues" time="0.153" /><testcase classname="backend.tests.test_discovery_privacy.TestPrivacySettings" name="test_disable_hide_photo_in_venues" time="0.154" /><testcase classname="backend.tests.test_discovery_privacy.TestDiscoveryModeStateRules" name="test_mode_switch_clears_previous" time="0.266" /><testcase classname="backend.tests.test_discovery_privacy.TestDiscoveryModeStateRules" name="test_back_to_discovery_clears_mode" time="0.221" /></testsuite></testsuites>