<?xml version="1.0" encoding="utf-8"?><testsuites name="pytest tests"><testsuite name="pytest" errors="0" failures="0" skipped="0" tests="11" time="9.317" timestamp="2026-04-06T23:39:24.186365+00:00" hostname="agent-env-f7e5acf8-7c70-40b6-840f-2eb5a03f7fa5"><testcase classname="backend.tests.test_block_functionality.TestBlockFunctionality" name="test_block_user_endpoint_works" time="0.846" /><testcase classname="backend.tests.test_block_functionality.TestBlockFunctionality" name="test_block_is_bilateral" time="0.905" /><testcase classname="backend.tests.test_block_functionality.TestBlockFunctionality" name="test_blocked_user_profile_shows_unavailable" time="0.846" /><testcase classname="backend.tests.test_block_functionality.TestBlockFunctionality" name="test_blocked_user_cannot_glance" time="0.821" /><testcase classname="backend.tests.test_block_functionality.TestBlockFunctionality" name="test_blocked_user_cannot_send_icebreaker" time="0.816" /><testcase classname="backend.tests.test_block_functionality.TestBlockFunctionality" name="test_get_blocked_users_list" time="0.840" /><testcase classname="backend.tests.test_block_functionality.TestBlockFunctionality" name="test_unblock_user_endpoint_works" time="1.028" /><testcase classname="backend.tests.test_block_functionality.TestBlockFunctionality" name="test_after_unblock_profiles_visible_again" time="0.936" /><testcase classname="backend.tests.test_block_functionality.TestBlockFunctionality" name="test_cannot_block_self" time="0.767" /><testcase classname="backend.tests.test_block_functionality.TestUnmatchFunctionality" name="test_unmatch_endpoint_works" time="0.650" /><testcase classname="backend.tests.test_block_functionality.TestUnmatchFunctionality" name="test_unmatch_does_not_block" time="0.807" /></testsuite></testsuites>