<?xml version="1.0" encoding="utf-8"?><testsuites name="pytest tests"><testsuite name="pytest" errors="0" failures="0" skipped="0" tests="12" time="5.618" timestamp="2026-03-13T21:59:55.208759+00:00" hostname="agent-env-f7e5acf8-7c70-40b6-840f-2eb5a03f7fa5"><testcase classname="backend.tests.test_test_tools_admin.TestTestModeAPIs" name="test_test_status_returns_is_test_mode" time="0.584" /><testcase classname="backend.tests.test_test_tools_admin.TestTestModeAPIs" name="test_fake_users_returns_list" time="0.487" /><testcase classname="backend.tests.test_test_tools_admin.TestTestModeAPIs" name="test_generate_glance_endpoint" time="0.464" /><testcase classname="backend.tests.test_test_tools_admin.TestTestModeAPIs" name="test_generate_drink_endpoint" time="0.512" /><testcase classname="backend.tests.test_test_tools_admin.TestTestModeAPIs" name="test_generate_message_endpoint" time="0.467" /><testcase classname="backend.tests.test_test_tools_admin.TestAdminReportsAPIs" name="test_admin_reports_requires_auth" time="0.492" /><testcase classname="backend.tests.test_test_tools_admin.TestAdminReportsAPIs" name="test_admin_reports_returns_list" time="0.492" /><testcase classname="backend.tests.test_test_tools_admin.TestNotificationAPIs" name="test_notifications_endpoint" time="0.458" /><testcase classname="backend.tests.test_test_tools_admin.TestNotificationAPIs" name="test_chat_requests_inbox" time="0.475" /><testcase classname="backend.tests.test_test_tools_admin.TestNotificationAPIs" name="test_decline_messages" time="0.460" /><testcase classname="backend.tests.test_test_tools_admin.TestNotificationAPIs" name="test_accept_messages" time="0.543" /><testcase classname="backend.tests.test_test_tools_admin.TestReportReasons" name="test_report_reasons_endpoint" time="0.114" /></testsuite></testsuites>