<?xml version="1.0" encoding="utf-8"?><testsuites name="pytest tests"><testsuite name="pytest" errors="0" failures="0" skipped="0" tests="11" time="4.766" timestamp="2026-04-04T11:42:35.353445+00:00" hostname="agent-env-f7e5acf8-7c70-40b6-840f-2eb5a03f7fa5"><testcase classname="backend.tests.test_production_api_keys.TestSetup" name="test_login_works" time="0.441" /><testcase classname="backend.tests.test_production_api_keys.TestGooglePlacesAPI" name="test_nearby_places_returns_real_data" time="0.438" /><testcase classname="backend.tests.test_production_api_keys.TestGooglePlacesAPI" name="test_place_details_returns_real_data" time="0.325" /><testcase classname="backend.tests.test_production_api_keys.TestGooglePlacesAPI" name="test_place_photo_proxy_works" time="0.541" /><testcase classname="backend.tests.test_production_api_keys.TestStripePaymentsAPI" name="test_premium_packages_have_stripe_price_ids" time="0.475" /><testcase classname="backend.tests.test_production_api_keys.TestStripePaymentsAPI" name="test_token_packages_have_stripe_price_ids" time="0.117" /><testcase classname="backend.tests.test_production_api_keys.TestStripePaymentsAPI" name="test_premium_checkout_creates_live_session" time="0.603" /><testcase classname="backend.tests.test_production_api_keys.TestStripePaymentsAPI" name="test_tokens_checkout_creates_live_session" time="0.404" /><testcase classname="backend.tests.test_production_api_keys.TestStripePaymentsAPI" name="test_premium_status_endpoint" time="0.112" /><testcase classname="backend.tests.test_production_api_keys.TestGooglePlayBillingAPI" name="test_google_play_status_not_configured" time="0.116" /><testcase classname="backend.tests.test_production_api_keys.TestAPIKeySummary" name="test_all_production_apis_summary" time="1.112" /></testsuite></testsuites>