<?xml version="1.0" encoding="utf-8"?><testsuites name="pytest tests"><testsuite name="pytest" errors="0" failures="0" skipped="0" tests="6" time="1.681" timestamp="2026-03-13T21:43:01.904232+00:00" hostname="agent-env-f7e5acf8-7c70-40b6-840f-2eb5a03f7fa5"><testcase classname="backend.tests.test_premium_fix.TestAuthAndPremium" name="test_user_registration" time="0.445" /><testcase classname="backend.tests.test_premium_fix.TestAuthAndPremium" name="test_user_login" time="0.541" /><testcase classname="backend.tests.test_premium_fix.TestAuthAndPremium" name="test_premium_status_returns_packages" time="0.373" /><testcase classname="backend.tests.test_premium_fix.TestAuthAndPremium" name="test_premium_packages_endpoint" time="0.046" /><testcase classname="backend.tests.test_premium_fix.TestAuthAndPremium" name="test_free_daily_tokens_in_response" time="0.045" /><testcase classname="backend.tests.test_premium_fix.TestAuthAndPremium" name="test_token_balance_api" time="0.060" /></testsuite></testsuites>