<?xml version="1.0" encoding="utf-8"?><testsuites name="pytest tests"><testsuite name="pytest" errors="0" failures="0" skipped="0" tests="30" time="9.092" timestamp="2026-04-04T11:31:13.047467+00:00" hostname="agent-env-f7e5acf8-7c70-40b6-840f-2eb5a03f7fa5"><testcase classname="backend.tests.test_routes_refactor.TestSetup" name="test_login_works" time="0.471" /><testcase classname="backend.tests.test_routes_refactor.TestVenueRoutes" name="test_get_venues_list" time="0.647" /><testcase classname="backend.tests.test_routes_refactor.TestVenueRoutes" name="test_get_single_venue" time="0.216" /><testcase classname="backend.tests.test_routes_refactor.TestVenueRoutes" name="test_get_venue_checkin_count" time="0.106" /><testcase classname="backend.tests.test_routes_refactor.TestCheckinRoutes" name="test_get_current_checkin" time="0.474" /><testcase classname="backend.tests.test_routes_refactor.TestCheckinRoutes" name="test_checkin_to_venue" time="0.247" /><testcase classname="backend.tests.test_routes_refactor.TestCheckinRoutes" name="test_checkout" time="0.103" /><testcase classname="backend.tests.test_routes_refactor.TestCheckinRoutes" name="test_checkin_heartbeat" time="0.101" /><testcase classname="backend.tests.test_routes_refactor.TestPresenceLocationRoutes" name="test_update_presence_status_not_here" time="0.458" /><testcase classname="backend.tests.test_routes_refactor.TestPresenceLocationRoutes" name="test_update_presence_status_here" time="0.103" /><testcase classname="backend.tests.test_routes_refactor.TestPresenceLocationRoutes" name="test_update_location" time="0.161" /><testcase classname="backend.tests.test_routes_refactor.TestPresenceLocationRoutes" name="test_update_visibility" time="0.099" /><testcase classname="backend.tests.test_routes_refactor.TestVenuePeopleRoutes" name="test_get_people_at_venue" time="0.425" /><testcase classname="backend.tests.test_routes_refactor.TestDiscoveryRoutes" name="test_discovery_not_here" time="0.426" /><testcase classname="backend.tests.test_routes_refactor.TestDiscoveryRoutes" name="test_discovery_not_here_10_25_radius" time="0.097" /><testcase classname="backend.tests.test_routes_refactor.TestDiscoveryRoutes" name="test_discovery_here" time="0.098" /><testcase classname="backend.tests.test_routes_refactor.TestDiscoveryRoutes" name="test_proximity_echoes" time="0.100" /><testcase classname="backend.tests.test_routes_refactor.TestGlanceRoutes" name="test_get_remaining_glances" time="0.432" /><testcase classname="backend.tests.test_routes_refactor.TestGlanceRoutes" name="test_send_glance" time="0.094" /><testcase classname="backend.tests.test_routes_refactor.TestGlanceRoutes" name="test_get_glances" time="0.109" /><testcase classname="backend.tests.test_routes_refactor.TestIcebreakerRoutes" name="test_get_received_icebreakers" time="0.461" /><testcase classname="backend.tests.test_routes_refactor.TestIcebreakerRoutes" name="test_send_icebreaker" time="0.097" /><testcase classname="backend.tests.test_routes_refactor.TestIcebreakerRoutes" name="test_get_icebreakers" time="0.105" /><testcase classname="backend.tests.test_routes_refactor.TestConnectionRoutes" name="test_get_connections" time="0.427" /><testcase classname="backend.tests.test_routes_refactor.TestConnectionRoutes" name="test_get_mutual_glances" time="0.098" /><testcase classname="backend.tests.test_routes_refactor.TestMessageRoutes" name="test_get_message_threads" time="0.419" /><testcase classname="backend.tests.test_routes_refactor.TestMessageRoutes" name="test_get_unread_count" time="0.110" /><testcase classname="backend.tests.test_routes_refactor.TestMessageRoutes" name="test_send_message" time="0.099" /><testcase classname="backend.tests.test_routes_refactor.TestMessageRoutes" name="test_get_messages_with_user" time="0.097" /><testcase classname="backend.tests.test_routes_refactor.TestEndpointSummary" name="test_all_endpoints_accessible" time="2.116" /></testsuite></testsuites>