<?xml version="1.0" encoding="utf-8"?><testsuites name="pytest tests"><testsuite name="pytest" errors="0" failures="0" skipped="0" tests="16" time="6.333" timestamp="2026-03-14T13:55:27.769001+00:00" hostname="agent-env-f7e5acf8-7c70-40b6-840f-2eb5a03f7fa5"><testcase classname="backend.tests.test_drink_management.TestDrinkManagement" name="test_test_mode_enabled" time="0.240" /><testcase classname="backend.tests.test_drink_management.TestDrinkManagement" name="test_generate_drink_offer" time="0.821" /><testcase classname="backend.tests.test_drink_management.TestDrinkManagement" name="test_accept_drink_offer" time="0.257" /><testcase classname="backend.tests.test_drink_management.TestDrinkManagement" name="test_accepted_drink_has_correct_status" time="0.382" /><testcase classname="backend.tests.test_drink_management.TestDrinkManagement" name="test_decline_drink_offer" time="0.261" /><testcase classname="backend.tests.test_drink_management.TestDrinkManagement" name="test_declined_drink_has_correct_status" time="0.411" /><testcase classname="backend.tests.test_drink_management.TestDrinkManagement" name="test_delete_accepted_drink" time="0.586" /><testcase classname="backend.tests.test_drink_management.TestDrinkManagement" name="test_delete_declined_drink" time="0.417" /><testcase classname="backend.tests.test_drink_management.TestDrinkManagement" name="test_cannot_delete_pending_drink_as_recipient" time="0.273" /><testcase classname="backend.tests.test_drink_management.TestDrinkManagement" name="test_get_drinks_returns_incoming_outgoing" time="1.465" /><testcase classname="backend.tests.test_drink_management.TestDrinkManagement" name="test_drink_has_required_fields" time="0.153" /><testcase classname="backend.tests.test_drink_management.TestDrinkManagement" name="test_notifications_contain_drink_offers" time="0.132" /><testcase classname="backend.tests.test_drink_management.TestDrinkEndpointSecurity" name="test_accept_requires_auth" time="0.131" /><testcase classname="backend.tests.test_drink_management.TestDrinkEndpointSecurity" name="test_decline_requires_auth" time="0.123" /><testcase classname="backend.tests.test_drink_management.TestDrinkEndpointSecurity" name="test_delete_requires_auth" time="0.124" /><testcase classname="backend.tests.test_drink_management.TestDrinkEndpointSecurity" name="test_delete_nonexistent_returns_404" time="0.490" /></testsuite></testsuites>