<?xml version="1.0" encoding="utf-8"?><testsuites name="pytest tests"><testsuite name="pytest" errors="0" failures="1" skipped="8" tests="23" time="0.737" timestamp="2026-04-30T21:54:16.882693+00:00" hostname="agent-env-f7e5acf8-7c70-40b6-840f-2eb5a03f7fa5"><testcase classname="tests.test_mobile_api.TestAuthEndpoints" name="test_register_endpoint_exists" time="0.215" /><testcase classname="tests.test_mobile_api.TestAuthEndpoints" name="test_register_requires_age_confirmation" time="0.057"><failure message="AssertionError: Expected 400, got 422&#10;assert 422 == 400&#10; +  where 422 = &lt;Response [422]&gt;.status_code">tests/test_mobile_api.py:85: in test_register_requires_age_confirmation
    assert response.status_code == 400, f"Expected 400, got {response.status_code}"
E   AssertionError: Expected 400, got 422
E   assert 422 == 400
E    +  where 422 = &lt;Response [422]&gt;.status_code</failure></testcase><testcase classname="tests.test_mobile_api.TestAuthEndpoints" name="test_register_duplicate_email" time="0.057"><skipped type="pytest.skip" message="Could not register test user: {&quot;detail&quot;:[{&quot;type&quot;:&quot;missing&quot;,&quot;loc&quot;:[&quot;body&quot;,&quot;date_of_birth&quot;],&quot;msg&quot;:&quot;Field required&quot;,&quot;input&quot;:{&quot;email&quot;:&quot;mobile_test_1777586057@example.com&quot;,&quot;password&quot;:&quot;Test1234!&quot;,&quot;display_name&quot;:&quot;MobileTestUser&quot;,&quot;age_confirmed&quot;:true},&quot;url&quot;:&quot;https://errors.pydantic.dev/2.12/v/missing&quot;}]}">/app/backend/tests/test_mobile_api.py:90: Could not register test user: {"detail":[{"type":"missing","loc":["body","date_of_birth"],"msg":"Field required","input":{"email":"mobile_test_1777586057@example.com","password":"Test1234!","display_name":"MobileTestUser","age_confirmed":true},"url":"https://errors.pydantic.dev/2.12/v/missing"}]}</skipped></testcase><testcase classname="tests.test_mobile_api.TestAuthEndpoints" name="test_login_endpoint_exists" time="0.000"><skipped type="pytest.skip" message="Could not register test user: {&quot;detail&quot;:[{&quot;type&quot;:&quot;missing&quot;,&quot;loc&quot;:[&quot;body&quot;,&quot;date_of_birth&quot;],&quot;msg&quot;:&quot;Field required&quot;,&quot;input&quot;:{&quot;email&quot;:&quot;mobile_test_1777586057@example.com&quot;,&quot;password&quot;:&quot;Test1234!&quot;,&quot;display_name&quot;:&quot;MobileTestUser&quot;,&quot;age_confirmed&quot;:true},&quot;url&quot;:&quot;https://errors.pydantic.dev/2.12/v/missing&quot;}]}">/app/backend/tests/test_mobile_api.py:102: Could not register test user: {"detail":[{"type":"missing","loc":["body","date_of_birth"],"msg":"Field required","input":{"email":"mobile_test_1777586057@example.com","password":"Test1234!","display_name":"MobileTestUser","age_confirmed":true},"url":"https://errors.pydantic.dev/2.12/v/missing"}]}</skipped></testcase><testcase classname="tests.test_mobile_api.TestAuthEndpoints" name="test_login_invalid_credentials" time="0.051" /><testcase classname="tests.test_mobile_api.TestAuthEndpoints" name="test_login_response_structure" time="0.000"><skipped type="pytest.skip" message="Could not register test user: {&quot;detail&quot;:[{&quot;type&quot;:&quot;missing&quot;,&quot;loc&quot;:[&quot;body&quot;,&quot;date_of_birth&quot;],&quot;msg&quot;:&quot;Field required&quot;,&quot;input&quot;:{&quot;email&quot;:&quot;mobile_test_1777586057@example.com&quot;,&quot;password&quot;:&quot;Test1234!&quot;,&quot;display_name&quot;:&quot;MobileTestUser&quot;,&quot;age_confirmed&quot;:true},&quot;url&quot;:&quot;https://errors.pydantic.dev/2.12/v/missing&quot;}]}">/app/backend/tests/test_mobile_api.py:125: Could not register test user: {"detail":[{"type":"missing","loc":["body","date_of_birth"],"msg":"Field required","input":{"email":"mobile_test_1777586057@example.com","password":"Test1234!","display_name":"MobileTestUser","age_confirmed":true},"url":"https://errors.pydantic.dev/2.12/v/missing"}]}</skipped></testcase><testcase classname="tests.test_mobile_api.TestAuthEndpoints" name="test_profile_update_endpoint" time="0.000"><skipped type="pytest.skip" message="Could not register test user: {&quot;detail&quot;:[{&quot;type&quot;:&quot;missing&quot;,&quot;loc&quot;:[&quot;body&quot;,&quot;date_of_birth&quot;],&quot;msg&quot;:&quot;Field required&quot;,&quot;input&quot;:{&quot;email&quot;:&quot;mobile_test_1777586057@example.com&quot;,&quot;password&quot;:&quot;Test1234!&quot;,&quot;display_name&quot;:&quot;MobileTestUser&quot;,&quot;age_confirmed&quot;:true},&quot;url&quot;:&quot;https://errors.pydantic.dev/2.12/v/missing&quot;}]}">/app/backend/tests/test_mobile_api.py:149: Could not register test user: {"detail":[{"type":"missing","loc":["body","date_of_birth"],"msg":"Field required","input":{"email":"mobile_test_1777586057@example.com","password":"Test1234!","display_name":"MobileTestUser","age_confirmed":true},"url":"https://errors.pydantic.dev/2.12/v/missing"}]}</skipped></testcase><testcase classname="tests.test_mobile_api.TestAuthEndpoints" name="test_profile_update_requires_auth" time="0.062" /><testcase classname="tests.test_mobile_api.TestMobilePushEndpoints" name="test_mobile_push_register_endpoint_exists" time="0.106"><skipped type="pytest.skip" message="Could not get auth token for push tests">/app/backend/tests/test_mobile_api.py:207: Could not get auth token for push tests</skipped></testcase><testcase classname="tests.test_mobile_api.TestMobilePushEndpoints" name="test_mobile_push_register_requires_token" time="0.000"><skipped type="pytest.skip" message="Could not get auth token for push tests">/app/backend/tests/test_mobile_api.py:225: Could not get auth token for push tests</skipped></testcase><testcase classname="tests.test_mobile_api.TestMobilePushEndpoints" name="test_mobile_push_register_requires_auth" time="0.050" /><testcase classname="tests.test_mobile_api.TestMobilePushEndpoints" name="test_mobile_push_unregister_endpoint_exists" time="0.000"><skipped type="pytest.skip" message="Could not get auth token for push tests">/app/backend/tests/test_mobile_api.py:251: Could not get auth token for push tests</skipped></testcase><testcase classname="tests.test_mobile_api.TestMobilePushEndpoints" name="test_mobile_push_unregister_requires_auth" time="0.046" /><testcase classname="tests.test_mobile_api.TestMobilePushEndpoints" name="test_mobile_push_register_idempotent" time="0.000"><skipped type="pytest.skip" message="Could not get auth token for push tests">/app/backend/tests/test_mobile_api.py:283: Could not get auth token for push tests</skipped></testcase><testcase classname="tests.test_mobile_api.TestMobileAppFileStructure" name="test_mobile_screens_exist" time="0.000" /><testcase classname="tests.test_mobile_api.TestMobileAppFileStructure" name="test_navigation_file_exists" time="0.000" /><testcase classname="tests.test_mobile_api.TestMobileAppFileStructure" name="test_api_utility_file_exists" time="0.000" /><testcase classname="tests.test_mobile_api.TestMobileAppFileStructure" name="test_push_notifications_file_exists" time="0.000" /><testcase classname="tests.test_mobile_api.TestMobileAppFileStructure" name="test_auth_context_file_exists" time="0.000" /><testcase classname="tests.test_mobile_api.TestMobileAppFileStructure" name="test_constants_file_exists" time="0.000" /><testcase classname="tests.test_mobile_api.TestMobileAPIEndpointsInApiJs" name="test_api_js_has_auth_endpoints" time="0.001" /><testcase classname="tests.test_mobile_api.TestMobileAPIEndpointsInApiJs" name="test_api_js_has_push_endpoints" time="0.000" /><testcase classname="tests.test_mobile_api.TestMobileAPIEndpointsInApiJs" name="test_api_js_has_venues_endpoints" time="0.000" /></testsuite></testsuites>