<?xml version="1.0" encoding="utf-8"?><testsuites name="pytest tests"><testsuite name="pytest" errors="0" failures="0" skipped="0" tests="17" time="4.373" timestamp="2026-04-04T11:55:54.649330+00:00" hostname="agent-env-f7e5acf8-7c70-40b6-840f-2eb5a03f7fa5"><testcase classname="backend.tests.test_google_play_removal_regression.TestSetup" name="test_login_works" time="0.402" /><testcase classname="backend.tests.test_google_play_removal_regression.TestGooglePlacesAPI" name="test_places_nearby_endpoint" time="0.438" /><testcase classname="backend.tests.test_google_play_removal_regression.TestGooglePlacesAPI" name="test_place_details_endpoint" time="0.323" /><testcase classname="backend.tests.test_google_play_removal_regression.TestStripePayments" name="test_premium_packages_endpoint" time="0.422" /><testcase classname="backend.tests.test_google_play_removal_regression.TestStripePayments" name="test_premium_status_endpoint" time="0.102" /><testcase classname="backend.tests.test_google_play_removal_regression.TestStripePayments" name="test_checkout_premium_endpoint" time="0.632" /><testcase classname="backend.tests.test_google_play_removal_regression.TestStripePayments" name="test_checkout_tokens_endpoint" time="0.399" /><testcase classname="backend.tests.test_google_play_removal_regression.TestGooglePlayRemoved" name="test_google_play_status_returns_404" time="0.424" /><testcase classname="backend.tests.test_google_play_removal_regression.TestGooglePlayRemoved" name="test_google_play_verify_returns_404" time="0.121" /><testcase classname="backend.tests.test_google_play_removal_regression.TestGooglePlayRemoved" name="test_google_play_acknowledge_returns_404" time="0.100" /><testcase classname="backend.tests.test_google_play_removal_regression.TestGooglePlayRemoved" name="test_google_play_products_returns_404" time="0.104" /><testcase classname="backend.tests.test_google_play_removal_regression.TestCoreEndpoints" name="test_venues_endpoint" time="0.434" /><testcase classname="backend.tests.test_google_play_removal_regression.TestCoreEndpoints" name="test_discovery_not_here_endpoint" time="0.100" /><testcase classname="backend.tests.test_google_play_removal_regression.TestCoreEndpoints" name="test_connections_endpoint" time="0.100" /><testcase classname="backend.tests.test_google_play_removal_regression.TestCoreEndpoints" name="test_auth_me_endpoint" time="0.098" /><testcase classname="backend.tests.test_google_play_removal_regression.TestCoreEndpoints" name="test_tokens_packages_endpoint" time="0.106" /><testcase classname="backend.tests.test_google_play_removal_regression.TestSummary" name="test_regression_summary" time="0.000" /></testsuite></testsuites>